2023-01-28 16:13:31 [scrapy.utils.log] INFO: Scrapy 2.6.2 started (bot: rugby)
2023-01-28 16:13:31 [scrapy.utils.log] INFO: Versions: lxml 4.6.1.0, libxml2 2.9.10, cssselect 1.2.0, parsel 1.7.0, w3lib 2.1.1, Twisted 22.2.0, Python 3.8.5 (default, Sep  3 2020, 21:29:08) [MSC v.1916 64 bit (AMD64)], pyOpenSSL 19.1.0 (OpenSSL 1.1.1h  22 Sep 2020), cryptography 3.1.1, Platform Windows-10-10.0.18362-SP0
2023-01-28 16:13:32 [scrapy.crawler] INFO: Overridden settings:
{'BOT_NAME': 'rugby',
 'LOG_FILE': './rugby.log',
 'LOG_LEVEL': 'INFO',
 'NEWSPIDER_MODULE': 'rugby.spiders',
 'ROBOTSTXT_OBEY': True,
 'SPIDER_MODULES': ['rugby.spiders']}
2023-01-28 16:13:32 [scrapy.extensions.telnet] INFO: Telnet Password: 98254d321eaa824a
2023-01-28 16:13:32 [scrapy.middleware] INFO: Enabled extensions:
['scrapy.extensions.corestats.CoreStats',
 'scrapy.extensions.telnet.TelnetConsole',
 'scrapy.extensions.logstats.LogStats']
2023-01-28 16:13:33 [scrapy.middleware] INFO: Enabled downloader middlewares:
['scrapy.downloadermiddlewares.robotstxt.RobotsTxtMiddleware',
 'scrapy.downloadermiddlewares.httpauth.HttpAuthMiddleware',
 'scrapy.downloadermiddlewares.downloadtimeout.DownloadTimeoutMiddleware',
 'scrapy.downloadermiddlewares.defaultheaders.DefaultHeadersMiddleware',
 'scrapy.downloadermiddlewares.useragent.UserAgentMiddleware',
 'scrapy.downloadermiddlewares.retry.RetryMiddleware',
 'scrapy.downloadermiddlewares.redirect.MetaRefreshMiddleware',
 'scrapy.downloadermiddlewares.httpcompression.HttpCompressionMiddleware',
 'scrapy.downloadermiddlewares.redirect.RedirectMiddleware',
 'scrapy.downloadermiddlewares.cookies.CookiesMiddleware',
 'scrapy.downloadermiddlewares.httpproxy.HttpProxyMiddleware',
 'scrapy.downloadermiddlewares.stats.DownloaderStats']
2023-01-28 16:13:33 [scrapy.middleware] INFO: Enabled spider middlewares:
['scrapy.spidermiddlewares.httperror.HttpErrorMiddleware',
 'scrapy.spidermiddlewares.offsite.OffsiteMiddleware',
 'scrapy.spidermiddlewares.referer.RefererMiddleware',
 'scrapy.spidermiddlewares.urllength.UrlLengthMiddleware',
 'scrapy.spidermiddlewares.depth.DepthMiddleware']
2023-01-28 16:13:36 [scrapy.middleware] INFO: Enabled item pipelines:
['rugby.pipelines.RugbyScraperPipeline']
2023-01-28 16:13:36 [scrapy.core.engine] INFO: Spider opened
2023-01-28 16:13:36 [scrapy.extensions.logstats] INFO: Crawled 0 pages (at 0 pages/min), scraped 0 items (at 0 items/min)
2023-01-28 16:13:36 [scrapy.extensions.telnet] INFO: Telnet console listening on 127.0.0.1:6023
2023-01-28 16:13:36 [espn] INFO: Scraping page 1 - Home matches
2023-01-28 16:13:36 [espn] INFO: Scraping page 1 - Neutral matches
2023-01-28 16:13:36 [py.warnings] WARNING: C:\Users\admin\anaconda3\lib\site-packages\scrapy\core\engine.py:279: ScrapyDeprecationWarning: Passing a 'spider' argument to ExecutionEngine.download is deprecated
  return self.download(result, spider) if isinstance(result, Request) else result

2023-01-28 16:13:37 [filelock] INFO: Lock 2991316233568 acquired on C:\Users\admin\anaconda3\lib\site-packages\tldextract\.suffix_cache/publicsuffix.org-tlds\de84b5ca2167d4c83e38fb162f2e8738.tldextract.json.lock
2023-01-28 16:13:37 [filelock] INFO: Lock 2991316233568 released on C:\Users\admin\anaconda3\lib\site-packages\tldextract\.suffix_cache/publicsuffix.org-tlds\de84b5ca2167d4c83e38fb162f2e8738.tldextract.json.lock
2023-01-28 16:13:37 [scrapy.core.engine] INFO: Closing spider (finished)
2023-01-28 16:13:37 [scrapy.statscollectors] INFO: Dumping Scrapy stats:
{'downloader/exception_count': 2,
 'downloader/exception_type_count/scrapy.exceptions.IgnoreRequest': 2,
 'downloader/request_bytes': 2372,
 'downloader/request_count': 7,
 'downloader/request_method_count/GET': 7,
 'downloader/response_bytes': 143774,
 'downloader/response_count': 7,
 'downloader/response_status_count/200': 2,
 'downloader/response_status_count/301': 1,
 'downloader/response_status_count/302': 4,
 'elapsed_time_seconds': 1.517407,
 'finish_reason': 'finished',
 'finish_time': datetime.datetime(2023, 1, 28, 21, 13, 37, 928807),
 'httpcompression/response_bytes': 844371,
 'httpcompression/response_count': 2,
 'log_count/INFO': 14,
 'log_count/WARNING': 1,
 'response_received_count': 2,
 'robotstxt/forbidden': 2,
 'robotstxt/request_count': 2,
 'robotstxt/response_count': 2,
 'robotstxt/response_status_count/200': 2,
 'scheduler/dequeued': 4,
 'scheduler/dequeued/memory': 4,
 'scheduler/enqueued': 4,
 'scheduler/enqueued/memory': 4,
 'start_time': datetime.datetime(2023, 1, 28, 21, 13, 36, 411400)}
2023-01-28 16:13:37 [scrapy.core.engine] INFO: Spider closed (finished)
2023-01-28 16:20:51 [scrapy.utils.log] INFO: Scrapy 2.6.2 started (bot: rugby)
2023-01-28 16:20:51 [scrapy.utils.log] INFO: Versions: lxml 4.6.1.0, libxml2 2.9.10, cssselect 1.2.0, parsel 1.7.0, w3lib 2.1.1, Twisted 22.2.0, Python 3.8.5 (default, Sep  3 2020, 21:29:08) [MSC v.1916 64 bit (AMD64)], pyOpenSSL 19.1.0 (OpenSSL 1.1.1h  22 Sep 2020), cryptography 3.1.1, Platform Windows-10-10.0.18362-SP0
2023-01-28 16:20:51 [scrapy.crawler] INFO: Overridden settings:
{'BOT_NAME': 'rugby',
 'LOG_FILE': './rugby.log',
 'LOG_LEVEL': 'INFO',
 'NEWSPIDER_MODULE': 'rugby.spiders',
 'ROBOTSTXT_OBEY': True,
 'SPIDER_MODULES': ['rugby.spiders']}
2023-01-28 16:20:51 [scrapy.extensions.telnet] INFO: Telnet Password: dc1d03d92c5b3a8b
2023-01-28 16:20:51 [scrapy.middleware] INFO: Enabled extensions:
['scrapy.extensions.corestats.CoreStats',
 'scrapy.extensions.telnet.TelnetConsole',
 'scrapy.extensions.logstats.LogStats']
2023-01-28 16:20:52 [scrapy.middleware] INFO: Enabled downloader middlewares:
['scrapy.downloadermiddlewares.robotstxt.RobotsTxtMiddleware',
 'scrapy.downloadermiddlewares.httpauth.HttpAuthMiddleware',
 'scrapy.downloadermiddlewares.downloadtimeout.DownloadTimeoutMiddleware',
 'scrapy.downloadermiddlewares.defaultheaders.DefaultHeadersMiddleware',
 'scrapy.downloadermiddlewares.useragent.UserAgentMiddleware',
 'scrapy.downloadermiddlewares.retry.RetryMiddleware',
 'scrapy.downloadermiddlewares.redirect.MetaRefreshMiddleware',
 'scrapy.downloadermiddlewares.httpcompression.HttpCompressionMiddleware',
 'scrapy.downloadermiddlewares.redirect.RedirectMiddleware',
 'scrapy.downloadermiddlewares.cookies.CookiesMiddleware',
 'scrapy.downloadermiddlewares.httpproxy.HttpProxyMiddleware',
 'scrapy.downloadermiddlewares.stats.DownloaderStats']
2023-01-28 16:20:52 [scrapy.middleware] INFO: Enabled spider middlewares:
['scrapy.spidermiddlewares.httperror.HttpErrorMiddleware',
 'scrapy.spidermiddlewares.offsite.OffsiteMiddleware',
 'scrapy.spidermiddlewares.referer.RefererMiddleware',
 'scrapy.spidermiddlewares.urllength.UrlLengthMiddleware',
 'scrapy.spidermiddlewares.depth.DepthMiddleware']
2023-01-28 16:20:54 [scrapy.middleware] INFO: Enabled item pipelines:
['rugby.pipelines.RugbyScraperPipeline']
2023-01-28 16:20:54 [scrapy.core.engine] INFO: Spider opened
2023-01-28 16:20:55 [scrapy.extensions.logstats] INFO: Crawled 0 pages (at 0 pages/min), scraped 0 items (at 0 items/min)
2023-01-28 16:20:55 [scrapy.extensions.telnet] INFO: Telnet console listening on 127.0.0.1:6023
2023-01-28 16:20:55 [espn] INFO: Scraping page 1 - Home matches
2023-01-28 16:20:55 [espn] INFO: Scraping page 1 - Neutral matches
2023-01-28 16:20:55 [py.warnings] WARNING: C:\Users\admin\anaconda3\lib\site-packages\scrapy\core\engine.py:279: ScrapyDeprecationWarning: Passing a 'spider' argument to ExecutionEngine.download is deprecated
  return self.download(result, spider) if isinstance(result, Request) else result

2023-01-28 16:20:55 [filelock] INFO: Lock 2152795822208 acquired on C:\Users\admin\anaconda3\lib\site-packages\tldextract\.suffix_cache/publicsuffix.org-tlds\de84b5ca2167d4c83e38fb162f2e8738.tldextract.json.lock
2023-01-28 16:20:55 [filelock] INFO: Lock 2152795822208 released on C:\Users\admin\anaconda3\lib\site-packages\tldextract\.suffix_cache/publicsuffix.org-tlds\de84b5ca2167d4c83e38fb162f2e8738.tldextract.json.lock
2023-01-28 16:20:56 [scrapy.core.engine] INFO: Closing spider (finished)
2023-01-28 16:20:56 [scrapy.statscollectors] INFO: Dumping Scrapy stats:
{'downloader/exception_count': 2,
 'downloader/exception_type_count/scrapy.exceptions.IgnoreRequest': 2,
 'downloader/request_bytes': 2372,
 'downloader/request_count': 7,
 'downloader/request_method_count/GET': 7,
 'downloader/response_bytes': 146296,
 'downloader/response_count': 7,
 'downloader/response_status_count/200': 2,
 'downloader/response_status_count/301': 1,
 'downloader/response_status_count/302': 4,
 'elapsed_time_seconds': 1.514235,
 'finish_reason': 'finished',
 'finish_time': datetime.datetime(2023, 1, 28, 21, 20, 56, 692396),
 'httpcompression/response_bytes': 867983,
 'httpcompression/response_count': 2,
 'log_count/INFO': 14,
 'log_count/WARNING': 1,
 'response_received_count': 2,
 'robotstxt/forbidden': 2,
 'robotstxt/request_count': 2,
 'robotstxt/response_count': 2,
 'robotstxt/response_status_count/200': 2,
 'scheduler/dequeued': 4,
 'scheduler/dequeued/memory': 4,
 'scheduler/enqueued': 4,
 'scheduler/enqueued/memory': 4,
 'start_time': datetime.datetime(2023, 1, 28, 21, 20, 55, 178161)}
2023-01-28 16:20:56 [scrapy.core.engine] INFO: Spider closed (finished)
